<?xml version="1.0" encoding="UTF-8"?>
<testsuite xmlns:xsi="http://www.w3.org/2001/XMLSchema-instance" xsi:noNamespaceSchemaLocation="https://maven.apache.org/surefire/maven-surefire-plugin/xsd/surefire-test-report-3.0.xsd" version="3.0" name="com.carbook.runner.TestRunner" time="48.787" tests="28" errors="0" skipped="0" failures="0">
  <properties>
[...]
</properties>
  <testcase name="Given User should launch the car book application" classname="Scenario: Verify the Homepage content present on the Header" time="0.005"/>
  <testcase name="Then User should verify the logo present in the header" classname="Scenario: Verify the Homepage content present on the Header" time="0"/>
  <testcase name="And User should verify the page title &apos;Carbook - Free Bootstrap 4 Template by Colorlib&apos;" classname="Scenario: Verify the Homepage content present on the Header" time="0"/>
  <testcase name="And User should see Home Menu" classname="Scenario: Verify the Homepage content present on the Header" time="0"/>
  <testcase name="And User should see About Menu" classname="Scenario: Verify the Homepage content present on the Header" time="0.001"/>
  <testcase name="And User should see Services Menu" classname="Scenario: Verify the Homepage content present on the Header" time="0"/>
  <testcase name="And User should see pricing Menu" classname="Scenario: Verify the Homepage content present on the Header" time="0"/>
  <testcase name="And User should see Cars menu" classname="Scenario: Verify the Homepage content present on the Header" time="0"/>
  <testcase name="And User should see Blog menu" classname="Scenario: Verify the Homepage content present on the Header" time="0"/>
  <testcase name="And User should see contact menu" classname="Scenario: Verify the Homepage content present on the Header" time="0.001"/>
  <testcase name="" classname="Scenario: Verify the Homepage content present on the Header" time="0.001"/>
  <testcase name="And User scroll down to &apos;0&apos; and &apos;300&apos;" classname="Scenario: Verify the Make your trip functionality" time="0"/>
  <testcase name="When User enter the pickup location &quot;Chennai&quot;" classname="Scenario: Verify the Make your trip functionality" time="0.012"/>
  <testcase name="And User enter the drop off location &quot;Bangalore&quot;" classname="Scenario: Verify the Make your trip functionality" time="0"/>
  <testcase name="And User enter the pickup date &quot;12/25/2019&quot;" classname="Scenario: Verify the Make your trip functionality" time="0"/>
  <testcase name="And User enter the dropoff date &quot;12/26/2019&quot;" classname="Scenario: Verify the Make your trip functionality" time="0"/>
  <testcase name="And User enter the pick up time &quot;12:00am&quot;" classname="Scenario: Verify the Make your trip functionality" time="0"/>
  <testcase name="And User click on rent a car now" classname="Scenario: Verify the Make your trip functionality" time="0"/>
  <testcase name="Then User should verify the logo present in the header" classname="Scenario: Verify the Make your trip functionality" time="0"/>
  <testcase name="And User wait for &apos;5&apos;" classname="Scenario: Verify the Make your trip functionality" time="0"/>
  <testcase name="" classname="Scenario: Verify the Make your trip functionality" time="0.002"/>
  <testcase name="When User click on contact menu" classname="Scenario: Verify the contact address and number is valid" time="0"/>
  <testcase name="And User scroll down to &apos;0&apos; and &apos;300&apos;" classname="Scenario: Verify the contact address and number is valid" time="0"/>
  <testcase name="And User wait for &apos;5&apos;" classname="Scenario: Verify the contact address and number is valid" time="0"/>
  <testcase name="Then User should see Address feild is present" classname="Scenario: Verify the contact address and number is valid" time="0"/>
  <testcase name="And User should see the phone number &quot;+ 1235 2355 98&quot;" classname="Scenario: Verify the contact address and number is valid" time="0"/>
  <testcase name="And User should see the email &quot;info@yoursite.com&quot;" classname="Scenario: Verify the contact address and number is valid" time="0"/>
  <testcase name="" classname="Scenario: Verify the contact address and number is valid" time="0.067"/>
</testsuite>